Handling lib "ca-bundle"...
The --lib flag was not given for it, checking repository
Prepared local dir: "/home/ace/.mos/libs-1.17/ca-bundle-1.17"
Handling lib "rpc-service-config"...
The --lib flag was not given for it, checking repository
Prepared local dir: "/home/ace/.mos/libs-1.17/rpc-service-config-1.17"
Handling lib "rpc-common"...
The --lib flag was not given for it, checking repository
Prepared local dir: "/home/ace/.mos/libs-1.17/rpc-common-1.17"
Handling lib "http-server"...
Optional, skipping
Handling lib "rpc-service-fs"...
The --lib flag was not given for it, checking repository
Prepared local dir: "/home/ace/.mos/libs-1.17/rpc-service-fs-1.17"
Handling lib "rpc-common"...
Already handled, skipping
Handling lib "rpc-uart"...
The --lib flag was not given for it, checking repository
Prepared local dir: "/home/ace/.mos/libs-1.17/rpc-uart-1.17"
Handling lib "rpc-common"...
Already handled, skipping
Handling lib "http-server"...
The --lib flag was not given for it, checking repository
Prepared local dir: "/home/ace/.mos/libs-1.17/http-server-1.17"
Handling lib "atca"...
Optional, skipping
Handling lib "ethernet"...
Optional, skipping
Handling lib "wifi"...
Optional, skipping
Handling lib "ota-http-server"...
The --lib flag was not given for it, checking repository
Prepared local dir: "/home/ace/.mos/libs-1.17/ota-http-server-1.17"
Handling lib "http-server"...
Already handled, skipping
Handling lib "ota-http-client"...
The --lib flag was not given for it, checking repository
Prepared local dir: "/home/ace/.mos/libs-1.17/ota-http-client-1.17"
Handling lib "rpc-common"...
Already handled, skipping
Handling lib "rpc-loopback"...
The --lib flag was not given for it, checking repository
Prepared local dir: "/home/ace/.mos/libs-1.17/rpc-loopback-1.17"
Handling lib "rpc-common"...
Already handled, skipping
Handling lib "rpc-service-ota"...
The --lib flag was not given for it, checking repository
Prepared local dir: "/home/ace/.mos/libs-1.17/rpc-service-ota-1.17"
Handling lib "ota-http-client"...
Already handled, skipping
Handling lib "rpc-common"...
Already handled, skipping
Handling lib "wifi"...
The --lib flag was not given for it, checking repository
Prepared local dir: "/home/ace/.mos/libs-1.17/wifi-1.17"
Handling lib "mjs"...
The --lib flag was not given for it, checking repository
Prepared local dir: "/home/ace/.mos/libs-1.17/mjs-1.17"
Handling lib "mqtt"...
The --lib flag was not given for it, checking repository
Prepared local dir: "/home/ace/.mos/libs-1.17/mqtt-1.17"
Connecting to https://mongoose.cloud, user test
Uploading sources (3868 bytes)
