Handling lib "rpc-service-fs"...
The --lib flag was not given for it, checking repository
Handling lib "rpc-service-config"...
The --lib flag was not given for it, checking repository
Handling lib "wifi"...
Handling lib "dht"...
Handling lib "rpc-loopback"...
The --lib flag was not given for it, checking repository
The --lib flag was not given for it, checking repository
Handling lib "ca-bundle"...
The --lib flag was not given for it, checking repository
Handling lib "rpc-common"...
The --lib flag was not given for it, checking repository
The --lib flag was not given for it, checking repository
Handling lib "rpc-service-ota"...
Handling lib "ota-http-server"...
Handling lib "mjs"...
The --lib flag was not given for it, checking repository
The --lib flag was not given for it, checking repository
Handling lib "rpc-uart"...
The --lib flag was not given for it, checking repository
The --lib flag was not given for it, checking repository
Handling lib "ota-http-client"...
The --lib flag was not given for it, checking repository
Prebuilt binary for https://github.com/mongoose-os-libs/rpc-service-fs already exists
Prepared local dir: "/fwbuild-volumes/1.19.6/apps/esp2espSlave/esp8266/build_contexts/build_ctx_949404222/libs/rpc-service-fs"
Prebuilt binary for https://github.com/mongoose-os-libs/rpc-loopback already exists
Prepared local dir: "/fwbuild-volumes/1.19.6/apps/esp2espSlave/esp8266/build_contexts/build_ctx_949404222/libs/rpc-loopback"
Prebuilt binary for https://github.com/mongoose-os-libs/dht already exists
Prepared local dir: "/fwbuild-volumes/1.19.6/apps/esp2espSlave/esp8266/build_contexts/build_ctx_949404222/libs/dht"
Lib "rpc-common" is already handled, skipping
Lib "rpc-common" is already handled, skipping
Prebuilt binary for https://github.com/mongoose-os-libs/rpc-service-config already exists
Prepared local dir: "/fwbuild-volumes/1.19.6/apps/esp2espSlave/esp8266/build_contexts/build_ctx_949404222/libs/rpc-service-config"
Prebuilt binary for https://github.com/mongoose-os-libs/rpc-service-ota already exists
Prepared local dir: "/fwbuild-volumes/1.19.6/apps/esp2espSlave/esp8266/build_contexts/build_ctx_949404222/libs/rpc-service-ota"
Prebuilt binary for https://github.com/mongoose-os-libs/ota-http-client already exists
Prepared local dir: "/fwbuild-volumes/1.19.6/apps/esp2espSlave/esp8266/build_contexts/build_ctx_949404222/libs/ota-http-client"
Lib "rpc-common" is already handled, skipping
Lib "ota-http-client" is already handled, skipping
Lib "rpc-common" is already handled, skipping
Prebuilt binary for https://github.com/mongoose-os-libs/ota-http-server already exists
Prepared local dir: "/fwbuild-volumes/1.19.6/apps/esp2espSlave/esp8266/build_contexts/build_ctx_949404222/libs/ota-http-server"
Prebuilt binary for https://github.com/mongoose-os-libs/rpc-uart already exists
Prepared local dir: "/fwbuild-volumes/1.19.6/apps/esp2espSlave/esp8266/build_contexts/build_ctx_949404222/libs/rpc-uart"
Lib "rpc-common" is already handled, skipping
Lib "ota-http-client" is already handled, skipping
Handling lib "http-server"...
The --lib flag was not given for it, checking repository
Prebuilt binary for https://github.com/mongoose-os-libs/ca-bundle already exists
Prepared local dir: "/fwbuild-volumes/1.19.6/apps/esp2espSlave/esp8266/build_contexts/build_ctx_949404222/libs/ca-bundle"
Failed to fetched prebuilt binary for https://github.com/mongoose-os-libs/wifi: Got 404 status code
Prepared local dir: "/fwbuild-volumes/1.19.6/apps/esp2espSlave/esp8266/build_contexts/build_ctx_949404222/libs/wifi"
Failed to fetched prebuilt binary for https://github.com/mongoose-os-libs/rpc-common: Got 404 status code
Failed to fetched prebuilt binary for https://github.com/mongoose-os-libs/mjs: Got 404 status code
Prepared local dir: "/fwbuild-volumes/1.19.6/apps/esp2espSlave/esp8266/build_contexts/build_ctx_949404222/libs/rpc-common"
Prepared local dir: "/fwbuild-volumes/1.19.6/apps/esp2espSlave/esp8266/build_contexts/build_ctx_949404222/libs/mjs"
Lib "http-server" is optional, skipping
Failed to fetched prebuilt binary for https://github.com/mongoose-os-libs/http-server: Got 404 status code
Prepared local dir: "/fwbuild-volumes/1.19.6/apps/esp2espSlave/esp8266/build_contexts/build_ctx_949404222/libs/http-server"
Lib "atca" is optional, skipping
Lib "ethernet" is optional, skipping
Lib "wifi" is optional, skipping
The flag --module is not given for the module "mjs", going to use the repository
The flag --repo is not given, going to use mongoose-os repository
Sources: [/fwbuild-volumes/1.19.6/apps/esp2espSlave/esp8266/build_contexts/build_ctx_949404222/src/main.c /fwbuild-volumes/1.19.6/apps/esp2espSlave/esp8266/build_contexts/build_ctx_949404222/build/gen/deps_init.c /fwbuild-volumes/1.19.6/apps/esp2espSlave/esp8266/build_contexts/build_ctx_949404222/libs/ca-bundle/src/mgos_ca_bundle.c /fwbuild-volumes/1.19.6/apps/esp2espSlave/esp8266/build_contexts/build_ctx_949404222/libs/dht/src/mgos_dht.c /fwbuild-volumes/1.19.6/apps/esp2espSlave/esp8266/build_contexts/build_ctx_949404222/libs/mjs/src/mos_mjs.c /fwbuild-volumes/1.19.6/apps/esp2espSlave/esp8266/build_contexts/build_ctx_949404222/modules/mjs-1.19.6/mjs.c /fwbuild-volumes/1.19.6/apps/esp2espSlave/esp8266/build_contexts/build_ctx_949404222/libs/mjs/esp8266/src/esp8266_mjs.c /fwbuild-volumes/1.19.6/apps/esp2espSlave/esp8266/build_contexts/build_ctx_949404222/libs/wifi/src/mgos_wifi.c /fwbuild-volumes/1.19.6/apps/esp2espSlave/esp8266/build_contexts/build_ctx_949404222/libs/wifi/src/mjs_wifi.c /fwbuild-volumes/1.19.6/apps/esp2espSlave/esp8266/build_contexts/build_ctx_949404222/libs/wifi/esp8266/src/esp_wifi.c /fwbuild-volumes/1.19.6/apps/esp2espSlave/esp8266/build_contexts/build_ctx_949404222/libs/http-server/src/mgos_http_server.c /fwbuild-volumes/1.19.6/apps/esp2espSlave/esp8266/build_contexts/build_ctx_949404222/libs/rpc-common/src/mg_rpc/mg_rpc.c /fwbuild-volumes/1.19.6/apps/esp2espSlave/esp8266/build_contexts/build_ctx_949404222/libs/rpc-common/src/mg_rpc/mg_rpc_channel_http.c /fwbuild-volumes/1.19.6/apps/esp2espSlave/esp8266/build_contexts/build_ctx_949404222/libs/rpc-common/src/mg_rpc/mg_rpc_channel_tcp_common.c /fwbuild-volumes/1.19.6/apps/esp2espSlave/esp8266/build_contexts/build_ctx_949404222/libs/rpc-common/src/mg_rpc/mg_rpc_channel_ws.c /fwbuild-volumes/1.19.6/apps/esp2espSlave/esp8266/build_contexts/build_ctx_949404222/libs/rpc-common/src/mgos_rpc.c /fwbuild-volumes/1.19.6/apps/esp2espSlave/esp8266/build_contexts/build_ctx_949404222/libs/rpc-loopback/src/mg_rpc_channel_loopback.c /fwbuild-volumes/1.19.6/apps/esp2espSlave/esp8266/build_contexts/build_ctx_949404222/libs/rpc-service-config/src/mgos_service_config.c /fwbuild-volumes/1.19.6/apps/esp2espSlave/esp8266/build_contexts/build_ctx_949404222/libs/rpc-service-fs/src/mgos_service_filesystem.c /fwbuild-volumes/1.19.6/apps/esp2espSlave/esp8266/build_contexts/build_ctx_949404222/libs/rpc-uart/src/mgos_rpc_channel_uart.c]
Include dirs: [/fwbuild-volumes/1.19.6/apps/esp2espSlave/esp8266/build_contexts/build_ctx_949404222/libs/dht/include /fwbuild-volumes/1.19.6/apps/esp2espSlave/esp8266/build_contexts/build_ctx_949404222/libs/mjs/include /fwbuild-volumes/1.19.6/apps/esp2espSlave/esp8266/build_contexts/build_ctx_949404222/libs/ota-http-client/include /fwbuild-volumes/1.19.6/apps/esp2espSlave/esp8266/build_contexts/build_ctx_949404222/libs/wifi/include /fwbuild-volumes/1.19.6/apps/esp2espSlave/esp8266/build_contexts/build_ctx_949404222/libs/http-server/include /fwbuild-volumes/1.19.6/apps/esp2espSlave/esp8266/build_contexts/build_ctx_949404222/libs/ota-http-server/include /fwbuild-volumes/1.19.6/apps/esp2espSlave/esp8266/build_contexts/build_ctx_949404222/libs/rpc-common/include/mg_rpc /fwbuild-volumes/1.19.6/apps/esp2espSlave/esp8266/build_contexts/build_ctx_949404222/libs/rpc-common/include /fwbuild-volumes/1.19.6/apps/esp2espSlave/esp8266/build_contexts/build_ctx_949404222/libs/rpc-loopback/include /fwbuild-volumes/1.19.6/apps/esp2espSlave/esp8266/build_contexts/build_ctx_949404222/libs/rpc-service-config/include /fwbuild-volumes/1.19.6/apps/esp2espSlave/esp8266/build_contexts/build_ctx_949404222/libs/rpc-service-fs/include /fwbuild-volumes/1.19.6/apps/esp2espSlave/esp8266/build_contexts/build_ctx_949404222/libs/rpc-service-ota/include /fwbuild-volumes/1.19.6/apps/esp2espSlave/esp8266/build_contexts/build_ctx_949404222/libs/rpc-uart/include]
Binary libs: [/fwbuild-volumes/1.19.6/apps/esp2espSlave/esp8266/build_contexts/build_ctx_949404222/libs/ota-http-client/lib/esp8266/libota-http-client.a /fwbuild-volumes/1.19.6/apps/esp2espSlave/esp8266/build_contexts/build_ctx_949404222/libs/ota-http-server/lib/esp8266/libota-http-server.a /fwbuild-volumes/1.19.6/apps/esp2espSlave/esp8266/build_contexts/build_ctx_949404222/libs/rpc-service-ota/lib/esp8266/librpc-service-ota.a]
Building...
mount from "/fwbuild-volumes/1.19.6/apps/esp2espSlave/esp8266/build_contexts/build_ctx_949404222" to "/app"
mount from "/fwbuild-volumes/1.19.6/apps/esp2espSlave/esp8266/build_contexts/build_ctx_949404222/modules/mongoose-os-1.19.6" to "/mongoose-os"
mount from "/fwbuild-volumes/1.19.6/apps/esp2espSlave/esp8266/build_contexts/build_ctx_949404222/modules/mongoose-os-1.19.6" to "/fwbuild-volumes/1.19.6/apps/esp2espSlave/esp8266/build_contexts/build_ctx_949404222/modules/mongoose-os-1.19.6"
mount from "/fwbuild-volumes/1.19.6/apps/esp2espSlave/esp8266/build_contexts/build_ctx_949404222/build" to "/fwbuild-volumes/1.19.6/apps/esp2espSlave/esp8266/build_contexts/build_ctx_949404222/build"
mount from "/fwbuild-volumes/1.19.6/apps/esp2espSlave/esp8266/build_contexts/build_ctx_949404222/src" to "/fwbuild-volumes/1.19.6/apps/esp2espSlave/esp8266/build_contexts/build_ctx_949404222/src"
mount from "/fwbuild-volumes/1.19.6/apps/esp2espSlave/esp8266/build_contexts/build_ctx_949404222/build/gen" to "/fwbuild-volumes/1.19.6/apps/esp2espSlave/esp8266/build_contexts/build_ctx_949404222/build/gen"
mount from "/fwbuild-volumes/1.19.6/apps/esp2espSlave/esp8266/build_contexts/build_ctx_949404222/libs/ca-bundle/src" to "/fwbuild-volumes/1.19.6/apps/esp2espSlave/esp8266/build_contexts/build_ctx_949404222/libs/ca-bundle/src"
mount from "/fwbuild-volumes/1.19.6/apps/esp2espSlave/esp8266/build_contexts/build_ctx_949404222/libs/dht/src" to "/fwbuild-volumes/1.19.6/apps/esp2espSlave/esp8266/build_contexts/build_ctx_949404222/libs/dht/src"
mount from "/fwbuild-volumes/1.19.6/apps/esp2espSlave/esp8266/build_contexts/build_ctx_949404222/libs/mjs/src" to "/fwbuild-volumes/1.19.6/apps/esp2espSlave/esp8266/build_contexts/build_ctx_949404222/libs/mjs/src"
mount from "/fwbuild-volumes/1.19.6/apps/esp2espSlave/esp8266/build_contexts/build_ctx_949404222/modules/mjs-1.19.6" to "/fwbuild-volumes/1.19.6/apps/esp2espSlave/esp8266/build_contexts/build_ctx_949404222/modules/mjs-1.19.6"
mount from "/fwbuild-volumes/1.19.6/apps/esp2espSlave/esp8266/build_contexts/build_ctx_949404222/libs/mjs/esp8266/src" to "/fwbuild-volumes/1.19.6/apps/esp2espSlave/esp8266/build_contexts/build_ctx_949404222/libs/mjs/esp8266/src"
mount from "/fwbuild-volumes/1.19.6/apps/esp2espSlave/esp8266/build_contexts/build_ctx_949404222/libs/wifi/src" to "/fwbuild-volumes/1.19.6/apps/esp2espSlave/esp8266/build_contexts/build_ctx_949404222/libs/wifi/src"
mount from "/fwbuild-volumes/1.19.6/apps/esp2espSlave/esp8266/build_contexts/build_ctx_949404222/libs/wifi/esp8266/src" to "/fwbuild-volumes/1.19.6/apps/esp2espSlave/esp8266/build_contexts/build_ctx_949404222/libs/wifi/esp8266/src"
mount from "/fwbuild-volumes/1.19.6/apps/esp2espSlave/esp8266/build_contexts/build_ctx_949404222/libs/http-server/src" to "/fwbuild-volumes/1.19.6/apps/esp2espSlave/esp8266/build_contexts/build_ctx_949404222/libs/http-server/src"
mount from "/fwbuild-volumes/1.19.6/apps/esp2espSlave/esp8266/build_contexts/build_ctx_949404222/libs/rpc-common/src/mg_rpc" to "/fwbuild-volumes/1.19.6/apps/esp2espSlave/esp8266/build_contexts/build_ctx_949404222/libs/rpc-common/src/mg_rpc"
mount from "/fwbuild-volumes/1.19.6/apps/esp2espSlave/esp8266/build_contexts/build_ctx_949404222/libs/rpc-common/src" to "/fwbuild-volumes/1.19.6/apps/esp2espSlave/esp8266/build_contexts/build_ctx_949404222/libs/rpc-common/src"
mount from "/fwbuild-volumes/1.19.6/apps/esp2espSlave/esp8266/build_contexts/build_ctx_949404222/libs/rpc-loopback/src" to "/fwbuild-volumes/1.19.6/apps/esp2espSlave/esp8266/build_contexts/build_ctx_949404222/libs/rpc-loopback/src"
mount from "/fwbuild-volumes/1.19.6/apps/esp2espSlave/esp8266/build_contexts/build_ctx_949404222/libs/rpc-service-config/src" to "/fwbuild-volumes/1.19.6/apps/esp2espSlave/esp8266/build_contexts/build_ctx_949404222/libs/rpc-service-config/src"
mount from "/fwbuild-volumes/1.19.6/apps/esp2espSlave/esp8266/build_contexts/build_ctx_949404222/libs/rpc-service-fs/src" to "/fwbuild-volumes/1.19.6/apps/esp2espSlave/esp8266/build_contexts/build_ctx_949404222/libs/rpc-service-fs/src"
mount from "/fwbuild-volumes/1.19.6/apps/esp2espSlave/esp8266/build_contexts/build_ctx_949404222/libs/rpc-uart/src" to "/fwbuild-volumes/1.19.6/apps/esp2espSlave/esp8266/build_contexts/build_ctx_949404222/libs/rpc-uart/src"
mount from "/fwbuild-volumes/1.19.6/apps/esp2espSlave/esp8266/build_contexts/build_ctx_949404222/libs/dht/include" to "/fwbuild-volumes/1.19.6/apps/esp2espSlave/esp8266/build_contexts/build_ctx_949404222/libs/dht/include"
mount from "/fwbuild-volumes/1.19.6/apps/esp2espSlave/esp8266/build_contexts/build_ctx_949404222/libs/mjs/include" to "/fwbuild-volumes/1.19.6/apps/esp2espSlave/esp8266/build_contexts/build_ctx_949404222/libs/mjs/include"
mount from "/fwbuild-volumes/1.19.6/apps/esp2espSlave/esp8266/build_contexts/build_ctx_949404222/libs/ota-http-client/include" to "/fwbuild-volumes/1.19.6/apps/esp2espSlave/esp8266/build_contexts/build_ctx_949404222/libs/ota-http-client/include"
mount from "/fwbuild-volumes/1.19.6/apps/esp2espSlave/esp8266/build_contexts/build_ctx_949404222/libs/wifi/include" to "/fwbuild-volumes/1.19.6/apps/esp2espSlave/esp8266/build_contexts/build_ctx_949404222/libs/wifi/include"
mount from "/fwbuild-volumes/1.19.6/apps/esp2espSlave/esp8266/build_contexts/build_ctx_949404222/libs/http-server/include" to "/fwbuild-volumes/1.19.6/apps/esp2espSlave/esp8266/build_contexts/build_ctx_949404222/libs/http-server/include"
mount from "/fwbuild-volumes/1.19.6/apps/esp2espSlave/esp8266/build_contexts/build_ctx_949404222/libs/ota-http-server/include" to "/fwbuild-volumes/1.19.6/apps/esp2espSlave/esp8266/build_contexts/build_ctx_949404222/libs/ota-http-server/include"
mount from "/fwbuild-volumes/1.19.6/apps/esp2espSlave/esp8266/build_contexts/build_ctx_949404222/libs/rpc-common/include/mg_rpc" to "/fwbuild-volumes/1.19.6/apps/esp2espSlave/esp8266/build_contexts/build_ctx_949404222/libs/rpc-common/include/mg_rpc"
mount from "/fwbuild-volumes/1.19.6/apps/esp2espSlave/esp8266/build_contexts/build_ctx_949404222/libs/rpc-common/include" to "/fwbuild-volumes/1.19.6/apps/esp2espSlave/esp8266/build_contexts/build_ctx_949404222/libs/rpc-common/include"
mount from "/fwbuild-volumes/1.19.6/apps/esp2espSlave/esp8266/build_contexts/build_ctx_949404222/libs/rpc-loopback/include" to "/fwbuild-volumes/1.19.6/apps/esp2espSlave/esp8266/build_contexts/build_ctx_949404222/libs/rpc-loopback/include"
mount from "/fwbuild-volumes/1.19.6/apps/esp2espSlave/esp8266/build_contexts/build_ctx_949404222/libs/rpc-service-config/include" to "/fwbuild-volumes/1.19.6/apps/esp2espSlave/esp8266/build_contexts/build_ctx_949404222/libs/rpc-service-config/include"
mount from "/fwbuild-volumes/1.19.6/apps/esp2espSlave/esp8266/build_contexts/build_ctx_949404222/libs/rpc-service-fs/include" to "/fwbuild-volumes/1.19.6/apps/esp2espSlave/esp8266/build_contexts/build_ctx_949404222/libs/rpc-service-fs/include"
mount from "/fwbuild-volumes/1.19.6/apps/esp2espSlave/esp8266/build_contexts/build_ctx_949404222/libs/rpc-service-ota/include" to "/fwbuild-volumes/1.19.6/apps/esp2espSlave/esp8266/build_contexts/build_ctx_949404222/libs/rpc-service-ota/include"
mount from "/fwbuild-volumes/1.19.6/apps/esp2espSlave/esp8266/build_contexts/build_ctx_949404222/libs/rpc-uart/include" to "/fwbuild-volumes/1.19.6/apps/esp2espSlave/esp8266/build_contexts/build_ctx_949404222/libs/rpc-uart/include"
mount from "/fwbuild-volumes/1.19.6/apps/esp2espSlave/esp8266/build_contexts/build_ctx_949404222/libs/ca-bundle/fs" to "/fwbuild-volumes/1.19.6/apps/esp2espSlave/esp8266/build_contexts/build_ctx_949404222/libs/ca-bundle/fs"
mount from "/fwbuild-volumes/1.19.6/apps/esp2espSlave/esp8266/build_contexts/build_ctx_949404222/libs/mjs/fs" to "/fwbuild-volumes/1.19.6/apps/esp2espSlave/esp8266/build_contexts/build_ctx_949404222/libs/mjs/fs"
mount from "/fwbuild-volumes/1.19.6/apps/esp2espSlave/esp8266/build_contexts/build_ctx_949404222/modules/mjs-1.19.6/mjs/lib" to "/fwbuild-volumes/1.19.6/apps/esp2espSlave/esp8266/build_contexts/build_ctx_949404222/modules/mjs-1.19.6/mjs/lib"
mount from "/fwbuild-volumes/1.19.6/apps/esp2espSlave/esp8266/build_contexts/build_ctx_949404222/libs/dht/mjs_fs" to "/fwbuild-volumes/1.19.6/apps/esp2espSlave/esp8266/build_contexts/build_ctx_949404222/libs/dht/mjs_fs"
mount from "/fwbuild-volumes/1.19.6/apps/esp2espSlave/esp8266/build_contexts/build_ctx_949404222/libs/wifi/mjs_fs" to "/fwbuild-volumes/1.19.6/apps/esp2espSlave/esp8266/build_contexts/build_ctx_949404222/libs/wifi/mjs_fs"
mount from "/fwbuild-volumes/1.19.6/apps/esp2espSlave/esp8266/build_contexts/build_ctx_949404222/libs/rpc-common/mjs_fs" to "/fwbuild-volumes/1.19.6/apps/esp2espSlave/esp8266/build_contexts/build_ctx_949404222/libs/rpc-common/mjs_fs"
mount from "/fwbuild-volumes/1.19.6/apps/esp2espSlave/esp8266/build_contexts/build_ctx_949404222/libs/mjs/esp8266/fs" to "/fwbuild-volumes/1.19.6/apps/esp2espSlave/esp8266/build_contexts/build_ctx_949404222/libs/mjs/esp8266/fs"
mount from "/fwbuild-volumes/1.19.6/apps/esp2espSlave/esp8266/build_contexts/build_ctx_949404222/fs" to "/fwbuild-volumes/1.19.6/apps/esp2espSlave/esp8266/build_contexts/build_ctx_949404222/fs"
mount from "/fwbuild-volumes/1.19.6/apps/esp2espSlave/esp8266/build_contexts/build_ctx_949404222/libs/ota-http-client/lib/esp8266" to "/fwbuild-volumes/1.19.6/apps/esp2espSlave/esp8266/build_contexts/build_ctx_949404222/libs/ota-http-client/lib/esp8266"
mount from "/fwbuild-volumes/1.19.6/apps/esp2espSlave/esp8266/build_contexts/build_ctx_949404222/libs/ota-http-server/lib/esp8266" to "/fwbuild-volumes/1.19.6/apps/esp2espSlave/esp8266/build_contexts/build_ctx_949404222/libs/ota-http-server/lib/esp8266"
mount from "/fwbuild-volumes/1.19.6/apps/esp2espSlave/esp8266/build_contexts/build_ctx_949404222/libs/rpc-service-ota/lib/esp8266" to "/fwbuild-volumes/1.19.6/apps/esp2espSlave/esp8266/build_contexts/build_ctx_949404222/libs/rpc-service-ota/lib/esp8266"
mount from "/fwbuild-volumes/1.19.6/apps/esp2espSlave/esp8266/build_contexts/build_ctx_949404222/build/gen" to "/fwbuild-volumes/1.19.6/apps/esp2espSlave/esp8266/build_contexts/build_ctx_949404222/build/gen"
Docker arguments: run --name mos_build_2017-11-16T11-18-48-00_1 --rm -i -v /fwbuild-volumes/1.19.6/apps/esp2espSlave/esp8266/build_contexts/build_ctx_949404222/libs/rpc-common/include:/fwbuild-volumes/1.19.6/apps/esp2espSlave/esp8266/build_contexts/build_ctx_949404222/libs/rpc-common/include -v /fwbuild-volumes/1.19.6/apps/esp2espSlave/esp8266/build_contexts/build_ctx_949404222/libs/rpc-common/mjs_fs:/fwbuild-volumes/1.19.6/apps/esp2espSlave/esp8266/build_contexts/build_ctx_949404222/libs/rpc-common/mjs_fs -v /fwbuild-volumes/1.19.6/apps/esp2espSlave/esp8266/build_contexts/build_ctx_949404222/libs/rpc-common/src/mg_rpc:/fwbuild-volumes/1.19.6/apps/esp2espSlave/esp8266/build_contexts/build_ctx_949404222/libs/rpc-common/src/mg_rpc -v /fwbuild-volumes/1.19.6/apps/esp2espSlave/esp8266/build_contexts/build_ctx_949404222/libs/ota-http-server/include:/fwbuild-volumes/1.19.6/apps/esp2espSlave/esp8266/build_contexts/build_ctx_949404222/libs/ota-http-server/include -v /fwbuild-volumes/1.19.6/apps/esp2espSlave/esp8266/build_contexts/build_ctx_949404222/libs/ota-http-server/lib/esp8266:/fwbuild-volumes/1.19.6/apps/esp2espSlave/esp8266/build_contexts/build_ctx_949404222/libs/ota-http-server/lib/esp8266 -v /fwbuild-volumes/1.19.6/apps/esp2espSlave/esp8266/build_contexts/build_ctx_949404222:/app -v /fwbuild-volumes/1.19.6/apps/esp2espSlave/esp8266/build_contexts/build_ctx_949404222/modules/mongoose-os-1.19.6:/mongoose-os -v /fwbuild-volumes/1.19.6/apps/esp2espSlave/esp8266/build_contexts/build_ctx_949404222/libs/wifi/src:/fwbuild-volumes/1.19.6/apps/esp2espSlave/esp8266/build_contexts/build_ctx_949404222/libs/wifi/src -v /fwbuild-volumes/1.19.6/apps/esp2espSlave/esp8266/build_contexts/build_ctx_949404222/libs/mjs/include:/fwbuild-volumes/1.19.6/apps/esp2espSlave/esp8266/build_contexts/build_ctx_949404222/libs/mjs/include -v /fwbuild-volumes/1.19.6/apps/esp2espSlave/esp8266/build_contexts/build_ctx_949404222/libs/ota-http-client/include:/fwbuild-volumes/1.19.6/apps/esp2espSlave/esp8266/build_contexts/build_ctx_949404222/libs/ota-http-client/include -v /fwbuild-volumes/1.19.6/apps/esp2espSlave/esp8266/build_contexts/build_ctx_949404222/libs/rpc-loopback/include:/fwbuild-volumes/1.19.6/apps/esp2espSlave/esp8266/build_contexts/build_ctx_949404222/libs/rpc-loopback/include -v /fwbuild-volumes/1.19.6/apps/esp2espSlave/esp8266/build_contexts/build_ctx_949404222/libs/rpc-service-config/include:/fwbuild-volumes/1.19.6/apps/esp2espSlave/esp8266/build_contexts/build_ctx_949404222/libs/rpc-service-config/include -v /fwbuild-volumes/1.19.6/apps/esp2espSlave/esp8266/build_contexts/build_ctx_949404222/libs/rpc-service-fs/include:/fwbuild-volumes/1.19.6/apps/esp2espSlave/esp8266/build_contexts/build_ctx_949404222/libs/rpc-service-fs/include -v /fwbuild-volumes/1.19.6/apps/esp2espSlave/esp8266/build_contexts/build_ctx_949404222/libs/dht/src:/fwbuild-volumes/1.19.6/apps/esp2espSlave/esp8266/build_contexts/build_ctx_949404222/libs/dht/src -v /fwbuild-volumes/1.19.6/apps/esp2espSlave/esp8266/build_contexts/build_ctx_949404222/libs/mjs/src:/fwbuild-volumes/1.19.6/apps/esp2espSlave/esp8266/build_contexts/build_ctx_949404222/libs/mjs/src -v /fwbuild-volumes/1.19.6/apps/esp2espSlave/esp8266/build_contexts/build_ctx_949404222/modules/mjs-1.19.6:/fwbuild-volumes/1.19.6/apps/esp2espSlave/esp8266/build_contexts/build_ctx_949404222/modules/mjs-1.19.6 -v /fwbuild-volumes/1.19.6/apps/esp2espSlave/esp8266/build_contexts/build_ctx_949404222/libs/ca-bundle/fs:/fwbuild-volumes/1.19.6/apps/esp2espSlave/esp8266/build_contexts/build_ctx_949404222/libs/ca-bundle/fs -v /fwbuild-volumes/1.19.6/apps/esp2espSlave/esp8266/build_contexts/build_ctx_949404222/libs/dht/mjs_fs:/fwbuild-volumes/1.19.6/apps/esp2espSlave/esp8266/build_contexts/build_ctx_949404222/libs/dht/mjs_fs -v /fwbuild-volumes/1.19.6/apps/esp2espSlave/esp8266/build_contexts/build_ctx_949404222/libs/ca-bundle/src:/fwbuild-volumes/1.19.6/apps/esp2espSlave/esp8266/build_contexts/build_ctx_949404222/libs/ca-bundle/src -v /fwbuild-volumes/1.19.6/apps/esp2espSlave/esp8266/build_contexts/build_ctx_949404222/libs/http-server/src:/fwbuild-volumes/1.19.6/apps/esp2espSlave/esp8266/build_contexts/build_ctx_949404222/libs/http-server/src -v /fwbuild-volumes/1.19.6/apps/esp2espSlave/esp8266/build_contexts/build_ctx_949404222/libs/rpc-common/src:/fwbuild-volumes/1.19.6/apps/esp2espSlave/esp8266/build_contexts/build_ctx_949404222/libs/rpc-common/src -v /fwbuild-volumes/1.19.6/apps/esp2espSlave/esp8266/build_contexts/build_ctx_949404222/libs/wifi/include:/fwbuild-volumes/1.19.6/apps/esp2espSlave/esp8266/build_contexts/build_ctx_949404222/libs/wifi/include -v /fwbuild-volumes/1.19.6/apps/esp2espSlave/esp8266/build_contexts/build_ctx_949404222/libs/mjs/fs:/fwbuild-volumes/1.19.6/apps/esp2espSlave/esp8266/build_contexts/build_ctx_949404222/libs/mjs/fs -v /fwbuild-volumes/1.19.6/apps/esp2espSlave/esp8266/build_contexts/build_ctx_949404222/modules/mongoose-os-1.19.6:/fwbuild-volumes/1.19.6/apps/esp2espSlave/esp8266/build_contexts/build_ctx_949404222/modules/mongoose-os-1.19.6 -v /fwbuild-volumes/1.19.6/apps/esp2espSlave/esp8266/build_contexts/build_ctx_949404222/build:/fwbuild-volumes/1.19.6/apps/esp2espSlave/esp8266/build_contexts/build_ctx_949404222/build -v /fwbuild-volumes/1.19.6/apps/esp2espSlave/esp8266/build_contexts/build_ctx_949404222/src:/fwbuild-volumes/1.19.6/apps/esp2espSlave/esp8266/build_contexts/build_ctx_949404222/src -v /fwbuild-volumes/1.19.6/apps/esp2espSlave/esp8266/build_contexts/build_ctx_949404222/modules/mjs-1.19.6/mjs/lib:/fwbuild-volumes/1.19.6/apps/esp2espSlave/esp8266/build_contexts/build_ctx_949404222/modules/mjs-1.19.6/mjs/lib -v /fwbuild-volumes/1.19.6/apps/esp2espSlave/esp8266/build_contexts/build_ctx_949404222/libs/ota-http-client/lib/esp8266:/fwbuild-volumes/1.19.6/apps/esp2espSlave/esp8266/build_contexts/build_ctx_949404222/libs/ota-http-client/lib/esp8266 -v /fwbuild-volumes/1.19.6/apps/esp2espSlave/esp8266/build_contexts/build_ctx_949404222/libs/rpc-service-fs/src:/fwbuild-volumes/1.19.6/apps/esp2espSlave/esp8266/build_contexts/build_ctx_949404222/libs/rpc-service-fs/src -v /fwbuild-volumes/1.19.6/apps/esp2espSlave/esp8266/build_contexts/build_ctx_949404222/libs/dht/include:/fwbuild-volumes/1.19.6/apps/esp2espSlave/esp8266/build_contexts/build_ctx_949404222/libs/dht/include -v /fwbuild-volumes/1.19.6/apps/esp2espSlave/esp8266/build_contexts/build_ctx_949404222/libs/mjs/esp8266/fs:/fwbuild-volumes/1.19.6/apps/esp2espSlave/esp8266/build_contexts/build_ctx_949404222/libs/mjs/esp8266/fs -v /fwbuild-volumes/1.19.6/apps/esp2espSlave/esp8266/build_contexts/build_ctx_949404222/libs/rpc-common/include/mg_rpc:/fwbuild-volumes/1.19.6/apps/esp2espSlave/esp8266/build_contexts/build_ctx_949404222/libs/rpc-common/include/mg_rpc -v /fwbuild-volumes/1.19.6/apps/esp2espSlave/esp8266/build_contexts/build_ctx_949404222/libs/rpc-service-ota/include:/fwbuild-volumes/1.19.6/apps/esp2espSlave/esp8266/build_contexts/build_ctx_949404222/libs/rpc-service-ota/include -v /fwbuild-volumes/1.19.6/apps/esp2espSlave/esp8266/build_contexts/build_ctx_949404222/libs/wifi/mjs_fs:/fwbuild-volumes/1.19.6/apps/esp2espSlave/esp8266/build_contexts/build_ctx_949404222/libs/wifi/mjs_fs -v /fwbuild-volumes/1.19.6/apps/esp2espSlave/esp8266/build_contexts/build_ctx_949404222/libs/rpc-loopback/src:/fwbuild-volumes/1.19.6/apps/esp2espSlave/esp8266/build_contexts/build_ctx_949404222/libs/rpc-loopback/src -v /fwbuild-volumes/1.19.6/apps/esp2espSlave/esp8266/build_contexts/build_ctx_949404222/libs/rpc-service-config/src:/fwbuild-volumes/1.19.6/apps/esp2espSlave/esp8266/build_contexts/build_ctx_949404222/libs/rpc-service-config/src -v /fwbuild-volumes/1.19.6/apps/esp2espSlave/esp8266/build_contexts/build_ctx_949404222/libs/rpc-uart/src:/fwbuild-volumes/1.19.6/apps/esp2espSlave/esp8266/build_contexts/build_ctx_949404222/libs/rpc-uart/src -v /fwbuild-volumes/1.19.6/apps/esp2espSlave/esp8266/build_contexts/build_ctx_949404222/libs/wifi/esp8266/src:/fwbuild-volumes/1.19.6/apps/esp2espSlave/esp8266/build_contexts/build_ctx_949404222/libs/wifi/esp8266/src -v /fwbuild-volumes/1.19.6/apps/esp2espSlave/esp8266/build_contexts/build_ctx_949404222/libs/rpc-service-ota/lib/esp8266:/fwbuild-volumes/1.19.6/apps/esp2espSlave/esp8266/build_contexts/build_ctx_949404222/libs/rpc-service-ota/lib/esp8266 -v /fwbuild-volumes/1.19.6/apps/esp2espSlave/esp8266/build_contexts/build_ctx_949404222/libs/rpc-uart/include:/fwbuild-volumes/1.19.6/apps/esp2espSlave/esp8266/build_contexts/build_ctx_949404222/libs/rpc-uart/include -v /fwbuild-volumes/1.19.6/apps/esp2espSlave/esp8266/build_contexts/build_ctx_949404222/fs:/fwbuild-volumes/1.19.6/apps/esp2espSlave/esp8266/build_contexts/build_ctx_949404222/fs -v /fwbuild-volumes/1.19.6/apps/esp2espSlave/esp8266/build_contexts/build_ctx_949404222/build/gen:/fwbuild-volumes/1.19.6/apps/esp2espSlave/esp8266/build_contexts/build_ctx_949404222/build/gen -v /fwbuild-volumes/1.19.6/apps/esp2espSlave/esp8266/build_contexts/build_ctx_949404222/libs/mjs/esp8266/src:/fwbuild-volumes/1.19.6/apps/esp2espSlave/esp8266/build_contexts/build_ctx_949404222/libs/mjs/esp8266/src -v /fwbuild-volumes/1.19.6/apps/esp2espSlave/esp8266/build_contexts/build_ctx_949404222/libs/http-server/include:/fwbuild-volumes/1.19.6/apps/esp2espSlave/esp8266/build_contexts/build_ctx_949404222/libs/http-server/include --user 0:0 docker.cesanta.com/esp8266-build:2.1.0-1.5.0-r7 /bin/bash -c nice make '-j' '32' '-C' '/app' '-f' '/mongoose-os/fw/platforms/esp8266/Makefile.build' 'all' 'MANIFEST_FINAL=/fwbuild-volumes/1.19.6/apps/esp2espSlave/esp8266/build_contexts/build_ctx_949404222/build/gen/mos_final.yml' 'APP_BIN_LIBS=/fwbuild-volumes/1.19.6/apps/esp2espSlave/esp8266/build_contexts/build_ctx_949404222/libs/ota-http-client/lib/esp8266/libota-http-client.a /fwbuild-volumes/1.19.6/apps/esp2espSlave/esp8266/build_contexts/build_ctx_949404222/libs/ota-http-server/lib/esp8266/libota-http-server.a /fwbuild-volumes/1.19.6/apps/esp2espSlave/esp8266/build_contexts/build_ctx_949404222/libs/rpc-service-ota/lib/esp8266/librpc-service-ota.a' 'APP_CFLAGS=-DMGOS_HAVE_WIFI=1 -DMGOS_ENABLE_SYS_SERVICE=1 -DMGOS_ENABLE_WEB_CONFIG=0 -DMGOS_ENABLE_FILE_UPLOAD=1 -DMGOS_HAVE_HTTP_SERVER=1 -DMGOS_HAVE_RPC_SERVICE_CONFIG=1 -DMGOS_HAVE_RPC_UART=1 -DMGOS_WIFI_ENABLE_AP_STA=1 -DMGOS_HAVE_OTA_HTTP_SERVER=1 -DMGOS_HAVE_CA_BUNDLE=1 -DMGOS_ENABLE_RPC_CHANNEL_HTTP=1 -DMGOS_ENABLE_RPC_CHANNEL_WS=1 -DMGOS_ENABLE_TUNNEL=0 -DMGOS_HAVE_RPC_LOOPBACK=1 -DMGOS_HAVE_DHT=1 -DMGOS_HAVE_RPC_SERVICE_OTA=1 -DMGOS_HAVE_MJS=1 -DMGOS_HAVE_OTA_HTTP_CLIENT=1 -DMGOS_HAVE_RPC_COMMON=1 -DMGOS_HAVE_RPC_SERVICE_FS=1' 'MGOS_HAVE_RPC_SERVICE_CONFIG=1' 'FFI_SYMBOLS=' 'FS_STAGING_DIR=build/fs' 'APP_FS_FILES=/fwbuild-volumes/1.19.6/apps/esp2espSlave/esp8266/build_contexts/build_ctx_949404222/libs/ca-bundle/fs/ca.pem /fwbuild-volumes/1.19.6/apps/esp2espSlave/esp8266/build_contexts/build_ctx_949404222/libs/mjs/fs/api_bitbang.js /fwbuild-volumes/1.19.6/apps/esp2espSlave/esp8266/build_contexts/build_ctx_949404222/libs/mjs/fs/api_config.js /fwbuild-volumes/1.19.6/apps/esp2espSlave/esp8266/build_contexts/build_ctx_949404222/libs/mjs/fs/api_gpio.js /fwbuild-volumes/1.19.6/apps/esp2espSlave/esp8266/build_contexts/build_ctx_949404222/libs/mjs/fs/api_grove.js /fwbuild-volumes/1.19.6/apps/esp2espSlave/esp8266/build_contexts/build_ctx_949404222/libs/mjs/fs/api_http.js /fwbuild-volumes/1.19.6/apps/esp2espSlave/esp8266/build_contexts/build_ctx_949404222/libs/mjs/fs/api_log.js /fwbuild-volumes/1.19.6/apps/esp2espSlave/esp8266/build_contexts/build_ctx_949404222/libs/mjs/fs/api_neopixel.js /fwbuild-volumes/1.19.6/apps/esp2espSlave/esp8266/build_contexts/build_ctx_949404222/libs/mjs/fs/api_net.js /fwbuild-volumes/1.19.6/apps/esp2espSlave/esp8266/build_contexts/build_ctx_949404222/libs/mjs/fs/api_sys.js /fwbuild-volumes/1.19.6/apps/esp2espSlave/esp8266/build_contexts/build_ctx_949404222/libs/mjs/fs/api_timer.js /fwbuild-volumes/1.19.6/apps/esp2espSlave/esp8266/build_contexts/build_ctx_949404222/libs/mjs/fs/api_uart.js /fwbuild-volumes/1.19.6/apps/esp2espSlave/esp8266/build_contexts/build_ctx_949404222/libs/mjs/fs/init.js /fwbuild-volumes/1.19.6/apps/esp2espSlave/esp8266/build_contexts/build_ctx_949404222/modules/mjs-1.19.6/mjs/lib/api_dataview.js /fwbuild-volumes/1.19.6/apps/esp2espSlave/esp8266/build_contexts/build_ctx_949404222/modules/mjs-1.19.6/mjs/lib/api_file.js /fwbuild-volumes/1.19.6/apps/esp2espSlave/esp8266/build_contexts/build_ctx_949404222/modules/mjs-1.19.6/mjs/lib/api_math.js /fwbuild-volumes/1.19.6/apps/esp2espSlave/esp8266/build_contexts/build_ctx_949404222/libs/dht/mjs_fs/api_dht.js /fwbuild-volumes/1.19.6/apps/esp2espSlave/esp8266/build_contexts/build_ctx_949404222/libs/wifi/mjs_fs/api_wifi.js /fwbuild-volumes/1.19.6/apps/esp2espSlave/esp8266/build_contexts/build_ctx_949404222/libs/rpc-common/mjs_fs/api_rpc.js /fwbuild-volumes/1.19.6/apps/esp2espSlave/esp8266/build_contexts/build_ctx_949404222/libs/mjs/esp8266/fs/api_arch_uart.js /fwbuild-volumes/1.19.6/apps/esp2espSlave/esp8266/build_contexts/build_ctx_949404222/libs/mjs/esp8266/fs/api_esp8266.js /fwbuild-volumes/1.19.6/apps/esp2espSlave/esp8266/build_contexts/build_ctx_949404222/fs/defines.js /fwbuild-volumes/1.19.6/apps/esp2espSlave/esp8266/build_contexts/build_ctx_949404222/fs/init.js' 'MGOS_PATH=/mongoose-os' 'FW_DIR=build/fw' 'APP_INCLUDES=/fwbuild-volumes/1.19.6/apps/esp2espSlave/esp8266/build_contexts/build_ctx_949404222/libs/dht/include /fwbuild-volumes/1.19.6/apps/esp2espSlave/esp8266/build_contexts/build_ctx_949404222/libs/mjs/include /fwbuild-volumes/1.19.6/apps/esp2espSlave/esp8266/build_contexts/build_ctx_949404222/libs/ota-http-client/include /fwbuild-volumes/1.19.6/apps/esp2espSlave/esp8266/build_contexts/build_ctx_949404222/libs/wifi/include /fwbuild-volumes/1.19.6/apps/esp2espSlave/esp8266/build_contexts/build_ctx_949404222/libs/http-server/include /fwbuild-volumes/1.19.6/apps/esp2espSlave/esp8266/build_contexts/build_ctx_949404222/libs/ota-http-server/include /fwbuild-volumes/1.19.6/apps/esp2espSlave/esp8266/build_contexts/build_ctx_949404222/libs/rpc-common/include/mg_rpc /fwbuild-volumes/1.19.6/apps/esp2espSlave/esp8266/build_contexts/build_ctx_949404222/libs/rpc-common/include /fwbuild-volumes/1.19.6/apps/esp2espSlave/esp8266/build_contexts/build_ctx_949404222/libs/rpc-loopback/include /fwbuild-volumes/1.19.6/apps/esp2espSlave/esp8266/build_contexts/build_ctx_949404222/libs/rpc-service-config/include /fwbuild-volumes/1.19.6/apps/esp2espSlave/esp8266/build_contexts/build_ctx_949404222/libs/rpc-service-fs/include /fwbuild-volumes/1.19.6/apps/esp2espSlave/esp8266/build_contexts/build_ctx_949404222/libs/rpc-service-ota/include /fwbuild-volumes/1.19.6/apps/esp2espSlave/esp8266/build_contexts/build_ctx_949404222/libs/rpc-uart/include' 'APP_CXXFLAGS=-DMGOS_WIFI_ENABLE_AP_STA=1 -DMGOS_HAVE_OTA_HTTP_SERVER=1 -DMGOS_HAVE_CA_BUNDLE=1 -DMGOS_HAVE_DHT=1 -DMGOS_HAVE_RPC_SERVICE_OTA=1 -DMGOS_ENABLE_RPC_CHANNEL_HTTP=1 -DMGOS_ENABLE_RPC_CHANNEL_WS=1 -DMGOS_ENABLE_TUNNEL=0 -DMGOS_HAVE_RPC_LOOPBACK=1 -DMGOS_HAVE_MJS=1 -DMGOS_HAVE_OTA_HTTP_CLIENT=1 -DMGOS_HAVE_RPC_COMMON=1 -DMGOS_HAVE_RPC_SERVICE_FS=1 -DMGOS_HAVE_RPC_SERVICE_CONFIG=1 -DMGOS_HAVE_RPC_UART=1 -DMGOS_HAVE_WIFI=1 -DMGOS_ENABLE_SYS_SERVICE=1 -DMGOS_ENABLE_WEB_CONFIG=0 -DMGOS_ENABLE_FILE_UPLOAD=1 -DMGOS_HAVE_HTTP_SERVER=1' 'MGOS_HAVE_WIFI=1' 'PLATFORM=esp8266' 'MGOS_HAVE_RPC_UART=1' 'MGOS_WIFI_ENABLE_AP_STA=1' 'MGOS_HAVE_RPC_SERVICE_OTA=1' 'APP=esp2espSlave' 'MGOS_ENABLE_UPDATER=1' 'MGOS_HAVE_RPC_SERVICE_FS=1' 'MGOS_HAVE_OTA_HTTP_CLIENT=1' 'MGOS_HAVE_MJS=1' 'BUILD_DIR=/fwbuild-volumes/1.19.6/apps/esp2espSlave/esp8266/build_contexts/build_ctx_949404222/build/objs' 'MGOS_HAVE_HTTP_SERVER=1' 'MGOS_HAVE_DHT=1' 'GEN_DIR=/fwbuild-volumes/1.19.6/apps/esp2espSlave/esp8266/build_contexts/build_ctx_949404222/build/gen' 'APP_CONF_SCHEMA=/fwbuild-volumes/1.19.6/apps/esp2espSlave/esp8266/build_contexts/build_ctx_949404222/build/gen/mos_conf_schema.yml' 'MGOS_HAVE_RPC_COMMON=1' 'MGOS_HAVE_RPC_LOOPBACK=1' 'MGOS_HAVE_CA_BUNDLE=1' 'APP_SOURCES=/fwbuild-volumes/1.19.6/apps/esp2espSlave/esp8266/build_contexts/build_ctx_949404222/src/main.c /fwbuild-volumes/1.19.6/apps/esp2espSlave/esp8266/build_contexts/build_ctx_949404222/build/gen/deps_init.c /fwbuild-volumes/1.19.6/apps/esp2espSlave/esp8266/build_contexts/build_ctx_949404222/libs/ca-bundle/src/mgos_ca_bundle.c /fwbuild-volumes/1.19.6/apps/esp2espSlave/esp8266/build_contexts/build_ctx_949404222/libs/dht/src/mgos_dht.c /fwbuild-volumes/1.19.6/apps/esp2espSlave/esp8266/build_contexts/build_ctx_949404222/libs/mjs/src/mos_mjs.c /fwbuild-volumes/1.19.6/apps/esp2espSlave/esp8266/build_contexts/build_ctx_949404222/modules/mjs-1.19.6/mjs.c /fwbuild-volumes/1.19.6/apps/esp2espSlave/esp8266/build_contexts/build_ctx_949404222/libs/mjs/esp8266/src/esp8266_mjs.c /fwbuild-volumes/1.19.6/apps/esp2espSlave/esp8266/build_contexts/build_ctx_949404222/libs/wifi/src/mgos_wifi.c /fwbuild-volumes/1.19.6/apps/esp2espSlave/esp8266/build_contexts/build_ctx_949404222/libs/wifi/src/mjs_wifi.c /fwbuild-volumes/1.19.6/apps/esp2espSlave/esp8266/build_contexts/build_ctx_949404222/libs/wifi/esp8266/src/esp_wifi.c /fwbuild-volumes/1.19.6/apps/esp2espSlave/esp8266/build_contexts/build_ctx_949404222/libs/http-server/src/mgos_http_server.c /fwbuild-volumes/1.19.6/apps/esp2espSlave/esp8266/build_contexts/build_ctx_949404222/libs/rpc-common/src/mg_rpc/mg_rpc.c /fwbuild-volumes/1.19.6/apps/esp2espSlave/esp8266/build_contexts/build_ctx_949404222/libs/rpc-common/src/mg_rpc/mg_rpc_channel_http.c /fwbuild-volumes/1.19.6/apps/esp2espSlave/esp8266/build_contexts/build_ctx_949404222/libs/rpc-common/src/mg_rpc/mg_rpc_channel_tcp_common.c /fwbuild-volumes/1.19.6/apps/esp2espSlave/esp8266/build_contexts/build_ctx_949404222/libs/rpc-common/src/mg_rpc/mg_rpc_channel_ws.c /fwbuild-volumes/1.19.6/apps/esp2espSlave/esp8266/build_contexts/build_ctx_949404222/libs/rpc-common/src/mgos_rpc.c /fwbuild-volumes/1.19.6/apps/esp2espSlave/esp8266/build_contexts/build_ctx_949404222/libs/rpc-loopback/src/mg_rpc_channel_loopback.c /fwbuild-volumes/1.19.6/apps/esp2espSlave/esp8266/build_contexts/build_ctx_949404222/libs/rpc-service-config/src/mgos_service_config.c /fwbuild-volumes/1.19.6/apps/esp2espSlave/esp8266/build_contexts/build_ctx_949404222/libs/rpc-service-fs/src/mgos_service_filesystem.c /fwbuild-volumes/1.19.6/apps/esp2espSlave/esp8266/build_contexts/build_ctx_949404222/libs/rpc-uart/src/mgos_rpc_channel_uart.c' 'APP_VERSION=1.0' 'MGOS_HAVE_OTA_HTTP_SERVER=1'
make: Entering directory '/app'
  CC    /fwbuild-volumes/1.19.6/apps/esp2espSlave/esp8266/build_contexts/build_ctx_949404222/src/main.c -> /fwbuild-volumes/1.19.6/apps/esp2espSlave/esp8266/build_contexts/build_ctx_949404222/build/objs/main.c.o
  GEN   /fwbuild-volumes/1.19.6/apps/esp2espSlave/esp8266/build_contexts/build_ctx_949404222/build/gen/ffi_exports.c
  CP    /fwbuild-volumes/1.19.6/apps/esp2espSlave/esp8266/build_contexts/build_ctx_949404222/libs/ca-bundle/fs/ca.pem -> build/fs
  CP    /fwbuild-volumes/1.19.6/apps/esp2espSlave/esp8266/build_contexts/build_ctx_949404222/libs/mjs/fs/api_bitbang.js -> build/fs
  CP    /fwbuild-volumes/1.19.6/apps/esp2espSlave/esp8266/build_contexts/build_ctx_949404222/libs/mjs/fs/api_config.js -> build/fs
  CP    /fwbuild-volumes/1.19.6/apps/esp2espSlave/esp8266/build_contexts/build_ctx_949404222/libs/mjs/fs/api_gpio.js -> build/fs
  CP    /fwbuild-volumes/1.19.6/apps/esp2espSlave/esp8266/build_contexts/build_ctx_949404222/libs/mjs/fs/api_grove.js -> build/fs
  CP    /fwbuild-volumes/1.19.6/apps/esp2espSlave/esp8266/build_contexts/build_ctx_949404222/libs/mjs/fs/api_http.js -> build/fs
  CP    /fwbuild-volumes/1.19.6/apps/esp2espSlave/esp8266/build_contexts/build_ctx_949404222/libs/mjs/fs/api_log.js -> build/fs
  CP    /fwbuild-volumes/1.19.6/apps/esp2espSlave/esp8266/build_contexts/build_ctx_949404222/libs/mjs/fs/api_neopixel.js -> build/fs
  CP    /fwbuild-volumes/1.19.6/apps/esp2espSlave/esp8266/build_contexts/build_ctx_949404222/libs/mjs/fs/api_net.js -> build/fs
  CP    /fwbuild-volumes/1.19.6/apps/esp2espSlave/esp8266/build_contexts/build_ctx_949404222/libs/mjs/fs/api_sys.js -> build/fs
  CP    /fwbuild-volumes/1.19.6/apps/esp2espSlave/esp8266/build_contexts/build_ctx_949404222/libs/mjs/fs/api_timer.js -> build/fs
  CP    /fwbuild-volumes/1.19.6/apps/esp2espSlave/esp8266/build_contexts/build_ctx_949404222/libs/mjs/fs/api_uart.js -> build/fs
  CP    /fwbuild-volumes/1.19.6/apps/esp2espSlave/esp8266/build_contexts/build_ctx_949404222/libs/mjs/fs/init.js -> build/fs
  CP    /fwbuild-volumes/1.19.6/apps/esp2espSlave/esp8266/build_contexts/build_ctx_949404222/modules/mjs-1.19.6/mjs/lib/api_dataview.js -> build/fs
  CP    /fwbuild-volumes/1.19.6/apps/esp2espSlave/esp8266/build_contexts/build_ctx_949404222/modules/mjs-1.19.6/mjs/lib/api_file.js -> build/fs
  CP    /fwbuild-volumes/1.19.6/apps/esp2espSlave/esp8266/build_contexts/build_ctx_949404222/modules/mjs-1.19.6/mjs/lib/api_math.js -> build/fs
  CP    /fwbuild-volumes/1.19.6/apps/esp2espSlave/esp8266/build_contexts/build_ctx_949404222/libs/dht/mjs_fs/api_dht.js -> build/fs
  CP    /fwbuild-volumes/1.19.6/apps/esp2espSlave/esp8266/build_contexts/build_ctx_949404222/libs/wifi/mjs_fs/api_wifi.js -> build/fs
  CP    /fwbuild-volumes/1.19.6/apps/esp2espSlave/esp8266/build_contexts/build_ctx_949404222/libs/rpc-common/mjs_fs/api_rpc.js -> build/fs
  CP    /fwbuild-volumes/1.19.6/apps/esp2espSlave/esp8266/build_contexts/build_ctx_949404222/libs/mjs/esp8266/fs/api_arch_uart.js -> build/fs
  CP    /fwbuild-volumes/1.19.6/apps/esp2espSlave/esp8266/build_contexts/build_ctx_949404222/libs/mjs/esp8266/fs/api_esp8266.js -> build/fs
  CP    /fwbuild-volumes/1.19.6/apps/esp2espSlave/esp8266/build_contexts/build_ctx_949404222/fs/defines.js -> build/fs
  CP    /fwbuild-volumes/1.19.6/apps/esp2espSlave/esp8266/build_contexts/build_ctx_949404222/fs/init.js -> build/fs
  CP    /fwbuild-volumes/1.19.6/apps/esp2espSlave/esp8266/build_contexts/build_ctx_949404222/build/gen/conf0.json -> build/fs
  CP    /fwbuild-volumes/1.19.6/apps/esp2espSlave/esp8266/build_contexts/build_ctx_949404222/build/gen/mgos_config_schema.json -> build/fs
  CP    /fwbuild-volumes/1.19.6/apps/esp2espSlave/esp8266/build_contexts/build_ctx_949404222/build/gen/mgos_ro_vars_schema.json -> build/fs
  MKFS  /usr/local/bin/mkspiffs8 262144 4096 256 4096 build/fs -> /fwbuild-volumes/1.19.6/apps/esp2espSlave/esp8266/build_contexts/build_ctx_949404222/build/objs/fw_temp/fs.bin
     Adding api_file.js: 2105
     Adding ca.pem: 14308
     Adding conf0.json: 2514
     Adding api_math.js: 549
     Adding api_esp8266.js: 231
     Adding api_dataview.js: 3837
     Adding api_wifi.js: 791
     Adding api_grove.js: 1316
     Adding api_http.js: 3811
     Adding api_bitbang.js: 815
     Adding mgos_config_schema.json: 6986
     Adding api_timer.js: 1344
     Adding init.js: 1540
     Adding api_config.js: 2170
     Adding api_neopixel.js: 2191
     Adding api_sys.js: 1612
     Adding api_arch_uart.js: 651
     Adding defines.js: 639
     Adding mgos_ro_vars_schema.json: 332
     Adding api_gpio.js: 2731
     Adding api_log.js: 1862
     Adding api_dht.js: 1381
     Adding api_net.js: 5074
     Adding api_uart.js: 5772
     Adding api_rpc.js: 2741
     Image stats: size=262144, space: total=233681, used=77057, free=156624
  GEN   /fwbuild-volumes/1.19.6/apps/esp2espSlave/esp8266/build_contexts/build_ctx_949404222/build/gen/build_info.c
  CC    /fwbuild-volumes/1.19.6/apps/esp2espSlave/esp8266/build_contexts/build_ctx_949404222/build/gen/ffi_exports.c -> /fwbuild-volumes/1.19.6/apps/esp2espSlave/esp8266/build_contexts/build_ctx_949404222/build/objs/ffi_exports.c.o
  CC    /fwbuild-volumes/1.19.6/apps/esp2espSlave/esp8266/build_contexts/build_ctx_949404222/build/gen/build_info.c -> /fwbuild-volumes/1.19.6/apps/esp2espSlave/esp8266/build_contexts/build_ctx_949404222/build/objs/build_info.c.o
  LD    /fwbuild-volumes/1.19.6/apps/esp2espSlave/esp8266/build_contexts/build_ctx_949404222/build/objs/esp2espSlave.elf
  FW    /fwbuild-volumes/1.19.6/apps/esp2espSlave/esp8266/build_contexts/build_ctx_949404222/build/objs/esp2espSlave.elf -> /fwbuild-volumes/1.19.6/apps/esp2espSlave/esp8266/build_contexts/build_ctx_949404222/build/objs/esp2espSlave.bin
  Generating breakdown
  GEN    /fwbuild-volumes/1.19.6/apps/esp2espSlave/esp8266/build_contexts/build_ctx_949404222/build/objs/fw_temp/manifest.json
  ZIP    /app/build/fw/esp2espSlave-esp8266-last.zip
     Adding /fwbuild-volumes/1.19.6/apps/esp2espSlave/esp8266/build_contexts/build_ctx_949404222/build/objs/fw_temp/esp2espSlave.bin
     Adding /fwbuild-volumes/1.19.6/apps/esp2espSlave/esp8266/build_contexts/build_ctx_949404222/build/objs/fw_temp/esp_init_data_default.bin
     Adding /fwbuild-volumes/1.19.6/apps/esp2espSlave/esp8266/build_contexts/build_ctx_949404222/build/objs/fw_temp/fs.bin
     Adding /fwbuild-volumes/1.19.6/apps/esp2espSlave/esp8266/build_contexts/build_ctx_949404222/build/objs/fw_temp/rboot.bin
  Built esp2espSlave/esp8266 version 1.0 (20171116-111849/???)
make: Leaving directory '/app'
Success, built esp2espSlave/esp8266 version 1.0 (20171116-111849/???).
Firmware saved to build/fw.zip
